x:\github\newserver\newserver\x64\debug\vc141.pdb
x:\github\newserver\newserver\x64\debug\vc141.idb
x:\github\newserver\newserver\x64\debug\prec.obj
x:\github\newserver\newserver\x64\debug\main.obj
x:\github\newserver\newserver\x64\debug\reflector.obj
x:\github\newserver\newserver\x64\debug\projectmanger.obj
x:\github\newserver\newserver\x64\debug\person.obj
x:\github\newserver\newserver\x64\debug\common.obj
x:\github\newserver\x64\debug\newserver.pdb
x:\github\newserver\newserver\x64\debug\newserver.tlog\cl.command.1.tlog
x:\github\newserver\newserver\x64\debug\newserver.tlog\cl.read.1.tlog
x:\github\newserver\newserver\x64\debug\newserver.tlog\cl.write.1.tlog
x:\github\newserver\newserver\x64\debug\newserver.tlog\link.11784-cvtres.read.1.tlog
x:\github\newserver\newserver\x64\debug\newserver.tlog\link.11784-cvtres.write.1.tlog
x:\github\newserver\newserver\x64\debug\newserver.tlog\link.11784-rc.read.1.tlog
x:\github\newserver\newserver\x64\debug\newserver.tlog\link.11784-rc.write.1.tlog
x:\github\newserver\newserver\x64\debug\newserver.tlog\link.11784.read.1.tlog
x:\github\newserver\newserver\x64\debug\newserver.tlog\link.11784.write.1.tlog
x:\github\newserver\newserver\x64\debug\newserver.tlog\link.command.1.tlog
x:\github\newserver\newserver\x64\debug\newserver.tlog\link.read.1.tlog
x:\github\newserver\newserver\x64\debug\newserver.tlog\link.write.1.tlog
