d:\git\newserver\newserver\debug\vc141.pdb
d:\git\newserver\newserver\debug\vc141.idb
d:\git\newserver\newserver\debug\reflector.obj
d:\git\newserver\newserver\debug\person.obj
d:\git\newserver\newserver\debug\prec.obj
d:\git\newserver\newserver\debug\main.obj
d:\git\newserver\newserver\debug\common.obj
d:\git\newserver\newserver\debug\projectmanger.obj
x:\github\newserver\newserver\debug\vc141.pdb
x:\github\newserver\newserver\debug\vc141.idb
x:\github\newserver\newserver\debug\prec.obj
x:\github\newserver\newserver\debug\main.obj
x:\github\newserver\newserver\debug\reflector.obj
x:\github\newserver\newserver\debug\projectmanger.obj
x:\github\newserver\newserver\debug\person.obj
x:\github\newserver\newserver\debug\common.obj
d:\git\newserver\debug\newserver.exe
d:\git\newserver\debug\newserver.ilk
d:\git\newserver\debug\newserver.pdb
x:\github\newserver\newserver\debug\newserver.pch
x:\github\newserver\debug\newserver.pdb
x:\github\newserver\newserver\debug\newserver.tlog\cl.command.1.tlog
x:\github\newserver\newserver\debug\newserver.tlog\cl.read.1.tlog
x:\github\newserver\newserver\debug\newserver.tlog\cl.write.1.tlog
x:\github\newserver\newserver\debug\newserver.tlog\link-cvtres.read.1.tlog
x:\github\newserver\newserver\debug\newserver.tlog\link-cvtres.write.1.tlog
x:\github\newserver\newserver\debug\newserver.tlog\link-rc.read.1.tlog
x:\github\newserver\newserver\debug\newserver.tlog\link-rc.write.1.tlog
x:\github\newserver\newserver\debug\newserver.tlog\link.command.1.tlog
x:\github\newserver\newserver\debug\newserver.tlog\link.read.1.tlog
x:\github\newserver\newserver\debug\newserver.tlog\link.write.1.tlog
